This file contains any messages produced by compilers while
running configure, to aid debugging if configure makes a mistake.

It was created by configure, which was
generated by GNU Autoconf 2.64.  Invocation command line was

  $ ./configure 

## --------- ##
## Platform. ##
## --------- ##

hostname = aragorn
uname -m = i686
uname -r = 2.6.31-14-generic
uname -s = Linux
uname -v = #48-Ubuntu SMP Fri Oct 16 14:04:26 UTC 2009

/usr/bin/uname -p = unknown
/bin/uname -X     = unknown

/bin/arch              = unknown
/usr/bin/arch -k       = unknown
/usr/convex/getsysinfo = unknown
/usr/bin/hostinfo      = unknown
/bin/machine           = unknown
/usr/bin/oslevel       = unknown
/bin/universe          = unknown

PATH: /home/renlu/bin
PATH: /usr/sbin
PATH: /usr/bin
PATH: /sbin
PATH: /bin
PATH: /usr/games
PATH: /home/renlu/bin/
PATH: /home/renlu/bin
PATH: /usr/bin/
PATH: /usr/local/sbin
PATH: /usr/local/bin
PATH: /usr/sbin
PATH: /usr/bin
PATH: /sbin
PATH: /bin
PATH: /usr/games
PATH: /home/renlu/bin/


## ----------- ##
## Core tests. ##
## ----------- ##

configure:2517: checking for grep that handles long lines and -e
configure:2575: result: /bin/grep
configure:2580: checking for egrep
configure:2642: result: /bin/grep -E
configure:2647: checking for a sed that does not truncate output
configure:2711: result: /bin/sed
configure:2836: checking for gcc
configure:2852: found /usr/bin/gcc
configure:2863: result: gcc
configure:3092: checking for C compiler version
configure:3101: gcc --version >&5
gcc (Ubuntu 4.3.4-5ubuntu1) 4.3.4
Copyright (C) 2008 Free Software Foundation, Inc.
This is free software; see the source for copying conditions.  There is NO
warranty; not even for MERCHANTABILITY or FITNESS FOR A PARTICULAR PURPOSE.

configure:3112: $? = 0
configure:3101: gcc -v >&5
Using built-in specs.
Target: i486-linux-gnu
Configured with: ../src/configure -v --with-pkgversion='Ubuntu 4.3.4-5ubuntu1' --with-bugurl=file:///usr/share/doc/gcc-4.3/README.Bugs --enable-languages=c,c++,fortran,objc,obj-c++ --prefix=/usr --enable-shared --enable-multiarch --enable-linker-build-id --with-system-zlib --libexecdir=/usr/lib --without-included-gettext --enable-threads=posix --enable-nls --with-gxx-include-dir=/usr/include/c++/4.3 --program-suffix=-4.3 --enable-clocale=gnu --enable-libstdcxx-debug --enable-objc-gc --enable-mpfr --enable-targets=all --with-tune=generic --enable-checking=release --build=i486-linux-gnu --host=i486-linux-gnu --target=i486-linux-gnu
Thread model: posix
gcc version 4.3.4 (Ubuntu 4.3.4-5ubuntu1) 
configure:3112: $? = 0
configure:3101: gcc -V >&5
gcc: '-V' option must have argument
configure:3112: $? = 1
configure:3101: gcc -qversion >&5
gcc: unrecognized option '-qversion'
gcc: no input files
configure:3112: $? = 1
configure:3134: checking for C compiler default output file name
configure:3156: gcc    conftest.c  >&5
configure:3160: $? = 0
configure:3197: result: a.out
configure:3213: checking whether the C compiler works
configure:3222: ./a.out
configure:3226: $? = 0
configure:3241: result: yes
configure:3248: checking whether we are cross compiling
configure:3250: result: no
configure:3253: checking for suffix of executables
configure:3260: gcc -o conftest    conftest.c  >&5
configure:3264: $? = 0
configure:3286: result: 
configure:3292: checking for suffix of object files
configure:3314: gcc -c   conftest.c >&5
configure:3318: $? = 0
configure:3339: result: o
configure:3343: checking whether we are using the GNU C compiler
configure:3362: gcc -c   conftest.c >&5
configure:3362: $? = 0
configure:3371: result: yes
configure:3380: checking whether gcc accepts -g
configure:3400: gcc -c -g  conftest.c >&5
configure:3400: $? = 0
configure:3441: result: yes
configure:3458: checking for gcc option to accept ISO C89
configure:3522: gcc  -c -g -O2  conftest.c >&5
configure:3522: $? = 0
configure:3535: result: none needed
configure:3556: checking whether gcc and cc understand -c and -o together
configure:3587: gcc -c conftest.c -o conftest2.o >&5
configure:3591: $? = 0
configure:3597: gcc -c conftest.c -o conftest2.o >&5
configure:3601: $? = 0
configure:3612: cc -c conftest.c >&5
configure:3616: $? = 0
configure:3624: cc -c conftest.c -o conftest2.o >&5
configure:3628: $? = 0
configure:3634: cc -c conftest.c -o conftest2.o >&5
configure:3638: $? = 0
configure:3656: result: yes
configure:3670: checking for system library directory
configure:3688: result: lib
configure:3696: checking if compiler supports -R
configure:3715: gcc -o conftest -g -O2   conftest.c -R /usr/lib  >&5
gcc: unrecognized option '-R'
/usr/bin/ld: /usr/lib: No such file: File format not recognized
collect2: ld returned 1 exit status
configure:3715: $? = 1
configure: failed program was:
| /* confdefs.h */
| #define PACKAGE_NAME ""
| #define PACKAGE_TARNAME ""
| #define PACKAGE_VERSION ""
| #define PACKAGE_STRING ""
| #define PACKAGE_BUGREPORT ""
| #define PACKAGE_URL ""
| /* end confdefs.h.  */
| 
| int
| main ()
| {
| 
|   ;
|   return 0;
| }
configure:3725: result: no
configure:3730: checking if compiler supports -Wl,-rpath,
configure:3749: gcc -o conftest -g -O2   conftest.c -Wl,-rpath,/usr/lib  >&5
configure:3749: $? = 0
configure:3759: result: yes
configure:3798: checking build system type
configure:3812: result: i686-pc-linux-gnu
configure:3832: checking host system type
configure:3845: result: i686-pc-linux-gnu
configure:3865: checking target system type
configure:3878: result: i686-pc-linux-gnu
configure:3984: checking for PHP prefix
configure:3986: result: /usr
configure:3988: checking for PHP includes
configure:3990: result: -I/usr/include/php5 -I/usr/include/php5/main -I/usr/include/php5/TSRM -I/usr/include/php5/Zend -I/usr/include/php5/ext -I/usr/include/php5/ext/date/lib -D_LARGEFILE_SOURCE -D_FILE_OFFSET_BITS=64
configure:3992: checking for PHP extension directory
configure:3994: result: /usr/lib/php5/20060613+lfs
configure:3996: checking for PHP installed headers prefix
configure:3998: result: /usr/include/php5
configure:4042: checking for re2c
configure:4058: found /usr/bin/re2c
configure:4069: result: re2c
configure:4078: checking for re2c version
configure:4092: result: 0.13.5 (ok)
configure:4111: checking for gawk
configure:4142: result: no
configure:4111: checking for nawk
configure:4128: found /usr/bin/nawk
configure:4139: result: nawk
configure:4162: checking if nawk is broken
configure:4169: result: no
configure:4185: checking for slowphp support
configure:4228: result: yes, shared
configure:4557: checking for a sed that does not truncate output
configure:4621: result: /bin/sed
configure:4639: checking for fgrep
configure:4701: result: /bin/grep -F
configure:4736: checking for ld used by gcc
configure:4803: result: /usr/bin/ld
configure:4810: checking if the linker (/usr/bin/ld) is GNU ld
configure:4825: result: yes
configure:4837: checking for BSD- or MS-compatible name lister (nm)
configure:4886: result: /usr/bin/nm -B
configure:5004: checking the name lister (/usr/bin/nm -B) interface
configure:5011: gcc -c -g -O2  conftest.c >&5
configure:5014: /usr/bin/nm -B "conftest.o"
configure:5017: output
00000000 B some_variable
configure:5024: result: BSD nm
configure:5027: checking whether ln -s works
configure:5031: result: yes
configure:5039: checking the maximum length of command line arguments
configure:5159: result: 1572864
configure:5176: checking whether the shell understands some XSI constructs
configure:5186: result: yes
configure:5190: checking whether the shell understands "+="
configure:5196: result: yes
configure:5231: checking for /usr/bin/ld option to reload object files
configure:5238: result: -r
configure:5307: checking for objdump
configure:5323: found /usr/bin/objdump
configure:5334: result: objdump
configure:5366: checking how to recognize dependent libraries
configure:5562: result: pass_all
configure:5622: checking for ar
configure:5638: found /usr/bin/ar
configure:5649: result: ar
configure:5727: checking for strip
configure:5743: found /usr/bin/strip
configure:5754: result: strip
configure:5826: checking for ranlib
configure:5842: found /usr/bin/ranlib
configure:5853: result: ranlib
configure:5943: checking command to parse /usr/bin/nm -B output from gcc object
configure:6061: gcc -c -g -O2  conftest.c >&5
configure:6064: $? = 0
configure:6068: /usr/bin/nm -B conftest.o \| sed -n -e 's/^.*[	 ]\([ABCDGIRSTW][ABCDGIRSTW]*\)[	 ][	 ]*\([_A-Za-z][_A-Za-z0-9]*\)$/\1 \2 \2/p' \> conftest.nm
configure:6071: $? = 0
configure:6125: gcc -o conftest -g -O2   conftest.c conftstm.o >&5
configure:6128: $? = 0
configure:6166: result: ok
configure:6974: checking how to run the C preprocessor
configure:7005: gcc -E  conftest.c
configure:7005: $? = 0
configure:7019: gcc -E  conftest.c
conftest.c:10:28: error: ac_nonexistent.h: No such file or directory
configure:7019: $? = 1
configure: failed program was:
| /* confdefs.h */
| #define PACKAGE_NAME ""
| #define PACKAGE_TARNAME ""
| #define PACKAGE_VERSION ""
| #define PACKAGE_STRING ""
| #define PACKAGE_BUGREPORT ""
| #define PACKAGE_URL ""
| #define COMPILE_DL_SLOWPHP 1
| /* end confdefs.h.  */
| #include <ac_nonexistent.h>
configure:7044: result: gcc -E
configure:7064: gcc -E  conftest.c
configure:7064: $? = 0
configure:7078: gcc -E  conftest.c
conftest.c:10:28: error: ac_nonexistent.h: No such file or directory
configure:7078: $? = 1
configure: failed program was:
| /* confdefs.h */
| #define PACKAGE_NAME ""
| #define PACKAGE_TARNAME ""
| #define PACKAGE_VERSION ""
| #define PACKAGE_STRING ""
| #define PACKAGE_BUGREPORT ""
| #define PACKAGE_URL ""
| #define COMPILE_DL_SLOWPHP 1
| /* end confdefs.h.  */
| #include <ac_nonexistent.h>
configure:7107: checking for ANSI C header files
configure:7127: gcc -c -g -O2  conftest.c >&5
configure:7127: $? = 0
configure:7200: gcc -o conftest -g -O2   conftest.c  >&5
configure:7200: $? = 0
configure:7200: ./conftest
configure:7200: $? = 0
configure:7211: result: yes
configure:7224: checking for sys/types.h
configure:7224: gcc -c -g -O2  conftest.c >&5
configure:7224: $? = 0
configure:7224: result: yes
configure:7224: checking for sys/stat.h
configure:7224: gcc -c -g -O2  conftest.c >&5
configure:7224: $? = 0
configure:7224: result: yes
configure:7224: checking for stdlib.h
configure:7224: gcc -c -g -O2  conftest.c >&5
configure:7224: $? = 0
configure:7224: result: yes
configure:7224: checking for string.h
configure:7224: gcc -c -g -O2  conftest.c >&5
configure:7224: $? = 0
configure:7224: result: yes
configure:7224: checking for memory.h
configure:7224: gcc -c -g -O2  conftest.c >&5
configure:7224: $? = 0
configure:7224: result: yes
configure:7224: checking for strings.h
configure:7224: gcc -c -g -O2  conftest.c >&5
configure:7224: $? = 0
configure:7224: result: yes
configure:7224: checking for inttypes.h
configure:7224: gcc -c -g -O2  conftest.c >&5
configure:7224: $? = 0
configure:7224: result: yes
configure:7224: checking for stdint.h
configure:7224: gcc -c -g -O2  conftest.c >&5
configure:7224: $? = 0
configure:7224: result: yes
configure:7224: checking for unistd.h
configure:7224: gcc -c -g -O2  conftest.c >&5
configure:7224: $? = 0
configure:7224: result: yes
configure:7239: checking for dlfcn.h
configure:7239: gcc -c -g -O2  conftest.c >&5
configure:7239: $? = 0
configure:7239: result: yes
configure:7423: checking for objdir
configure:7438: result: .libs
configure:7734: checking if gcc supports -fno-rtti -fno-exceptions
configure:7752: gcc -c -g -O2  -fno-rtti -fno-exceptions conftest.c >&5
cc1: warning: command line option "-fno-rtti" is valid for C++/ObjC++ but not for C
configure:7756: $? = 0
configure:7769: result: no
configure:7789: checking for gcc option to produce PIC
configure:8061: result: -fPIC -DPIC
configure:8073: checking if gcc PIC flag -fPIC -DPIC works
configure:8091: gcc -c -g -O2  -fPIC -DPIC -DPIC conftest.c >&5
configure:8095: $? = 0
configure:8108: result: yes
configure:8132: checking if gcc static flag -static works
configure:8160: result: yes
configure:8175: checking if gcc supports -c -o file.o
configure:8196: gcc -c -g -O2  -o out/conftest2.o conftest.c >&5
configure:8200: $? = 0
configure:8222: result: yes
configure:8230: checking if gcc supports -c -o file.o
configure:8277: result: yes
configure:8310: checking whether the gcc linker (/usr/bin/ld) supports shared libraries
configure:9300: result: yes
configure:9337: checking whether -lc should be explicitly linked in
configure:9342: gcc -c -g -O2  conftest.c >&5
configure:9345: $? = 0
configure:9360: gcc -shared conftest.o  -v -Wl,-soname -Wl,conftest -o conftest 2\>\&1 \| /bin/grep  -lc  \>/dev/null 2\>\&1
configure:9363: $? = 0
configure:9375: result: no
configure:9539: checking dynamic linker characteristics
configure:9972: gcc -o conftest -g -O2   -Wl,-rpath -Wl,/foo conftest.c  >&5
configure:9972: $? = 0
configure:10202: result: GNU/Linux ld.so
configure:10304: checking how to hardcode library paths into programs
configure:10329: result: immediate
configure:10849: checking whether stripping libraries is possible
configure:10854: result: yes
configure:10889: checking if libtool supports shared libraries
configure:10891: result: yes
configure:10894: checking whether to build shared libraries
configure:10915: result: yes
configure:10918: checking whether to build static libraries
configure:10922: result: no
configure:11180: creating ./config.status

## ---------------------- ##
## Running config.status. ##
## ---------------------- ##

This file was extended by config.status, which was
generated by GNU Autoconf 2.64.  Invocation command line was

  CONFIG_FILES    = 
  CONFIG_HEADERS  = 
  CONFIG_LINKS    = 
  CONFIG_COMMANDS = 
  $ ./config.status 

on aragorn

config.status:871: creating config.h
config.status:975: executing libtool commands

## ---------------- ##
## Cache variables. ##
## ---------------- ##

ac_cv_build=i686-pc-linux-gnu
ac_cv_c_compiler_gnu=yes
ac_cv_env_CC_set=
ac_cv_env_CC_value=
ac_cv_env_CFLAGS_set=
ac_cv_env_CFLAGS_value=
ac_cv_env_CPPFLAGS_set=
ac_cv_env_CPPFLAGS_value=
ac_cv_env_CPP_set=
ac_cv_env_CPP_value=
ac_cv_env_LDFLAGS_set=
ac_cv_env_LDFLAGS_value=
ac_cv_env_LIBS_set=
ac_cv_env_LIBS_value=
ac_cv_env_build_alias_set=
ac_cv_env_build_alias_value=
ac_cv_env_host_alias_set=
ac_cv_env_host_alias_value=
ac_cv_env_target_alias_set=
ac_cv_env_target_alias_value=
ac_cv_header_dlfcn_h=yes
ac_cv_header_inttypes_h=yes
ac_cv_header_memory_h=yes
ac_cv_header_stdc=yes
ac_cv_header_stdint_h=yes
ac_cv_header_stdlib_h=yes
ac_cv_header_string_h=yes
ac_cv_header_strings_h=yes
ac_cv_header_sys_stat_h=yes
ac_cv_header_sys_types_h=yes
ac_cv_header_unistd_h=yes
ac_cv_host=i686-pc-linux-gnu
ac_cv_objext=o
ac_cv_path_EGREP='/bin/grep -E'
ac_cv_path_FGREP='/bin/grep -F'
ac_cv_path_GREP=/bin/grep
ac_cv_path_SED=/bin/sed
ac_cv_prog_AWK=nawk
ac_cv_prog_CPP='gcc -E'
ac_cv_prog_RE2C=re2c
ac_cv_prog_ac_ct_AR=ar
ac_cv_prog_ac_ct_CC=gcc
ac_cv_prog_ac_ct_OBJDUMP=objdump
ac_cv_prog_ac_ct_RANLIB=ranlib
ac_cv_prog_ac_ct_STRIP=strip
ac_cv_prog_cc_c89=
ac_cv_prog_cc_g=yes
ac_cv_prog_cc_gcc_c_o=yes
ac_cv_target=i686-pc-linux-gnu
lt_cv_deplibs_check_method=pass_all
lt_cv_file_magic_cmd='$MAGIC_CMD'
lt_cv_file_magic_test_file=
lt_cv_ld_reload_flag=-r
lt_cv_nm_interface='BSD nm'
lt_cv_objdir=.libs
lt_cv_path_LD=/usr/bin/ld
lt_cv_path_NM='/usr/bin/nm -B'
lt_cv_prog_compiler_c_o=yes
lt_cv_prog_compiler_pic_works=yes
lt_cv_prog_compiler_rtti_exceptions=no
lt_cv_prog_compiler_static_works=yes
lt_cv_prog_gnu_ld=yes
lt_cv_sys_global_symbol_pipe='sed -n -e '\''s/^.*[	 ]\([ABCDGIRSTW][ABCDGIRSTW]*\)[	 ][	 ]*\([_A-Za-z][_A-Za-z0-9]*\)$/\1 \2 \2/p'\'''
lt_cv_sys_global_symbol_to_c_name_address='sed -n -e '\''s/^: \([^ ]*\) $/  {\"\1\", (void *) 0},/p'\'' -e '\''s/^[ABCDGIRSTW]* \([^ ]*\) \([^ ]*\)$/  {"\2", (void *) \&\2},/p'\'''
lt_cv_sys_global_symbol_to_c_name_address_lib_prefix='sed -n -e '\''s/^: \([^ ]*\) $/  {\"\1\", (void *) 0},/p'\'' -e '\''s/^[ABCDGIRSTW]* \([^ ]*\) \(lib[^ ]*\)$/  {"\2", (void *) \&\2},/p'\'' -e '\''s/^[ABCDGIRSTW]* \([^ ]*\) \([^ ]*\)$/  {"lib\2", (void *) \&\2},/p'\'''
lt_cv_sys_global_symbol_to_cdecl='sed -n -e '\''s/^T .* \(.*\)$/extern int \1();/p'\'' -e '\''s/^[ABCDGIRSTW]* .* \(.*\)$/extern char \1;/p'\'''
lt_cv_sys_max_cmd_len=1572864
php_cv_cc_dashr=no
php_cv_cc_rpath=yes
php_cv_re2c_version='0.13.5 (ok)'

## ----------------- ##
## Output variables. ##
## ----------------- ##

AR='ar'
AWK='nawk'
CC='gcc'
CFLAGS='-g -O2'
CONFIGURE_COMMAND=' '\''./configure'\'' '
CONFIGURE_OPTIONS=''
CPP='gcc -E'
CPPFLAGS=' -DHAVE_CONFIG_H'
DEFS='-DHAVE_CONFIG_H'
DSYMUTIL=''
DUMPBIN=''
ECHO_C=''
ECHO_N='-n'
ECHO_T=''
EGREP='/bin/grep -E'
EXEEXT=''
FGREP='/bin/grep -F'
GREP='/bin/grep'
LD='/usr/bin/ld'
LDFLAGS=''
LIBOBJS=''
LIBS=''
LIBTOOL='$(SHELL) $(top_builddir)/libtool'
LIPO=''
LN_S='ln -s'
LTLIBOBJS=''
NM='/usr/bin/nm -B'
NMEDIT=''
OBJDUMP='objdump'
OBJEXT='o'
OTOOL64=''
OTOOL=''
PACKAGE_BUGREPORT=''
PACKAGE_NAME=''
PACKAGE_STRING=''
PACKAGE_TARNAME=''
PACKAGE_URL=''
PACKAGE_VERSION=''
PATH_SEPARATOR=':'
RANLIB='ranlib'
RE2C='re2c'
SED='/bin/sed'
SHELL='/bin/bash'
SHLIB_DL_SUFFIX_NAME='so'
SHLIB_SUFFIX_NAME='so'
STRIP='strip'
ac_ct_CC='gcc'
ac_ct_DUMPBIN=''
bindir='${exec_prefix}/bin'
build='i686-pc-linux-gnu'
build_alias=''
build_cpu='i686'
build_os='linux-gnu'
build_vendor='pc'
datadir='${datarootdir}'
datarootdir='${prefix}/share'
docdir='${datarootdir}/doc/${PACKAGE}'
dvidir='${docdir}'
exec_prefix='$(prefix)'
host='i686-pc-linux-gnu'
host_alias='i686-pc-linux-gnu'
host_cpu='i686'
host_os='linux-gnu'
host_vendor='pc'
htmldir='${docdir}'
includedir='${prefix}/include'
infodir='${datarootdir}/info'
libdir='${exec_prefix}/lib'
libexecdir='${exec_prefix}/libexec'
localedir='${datarootdir}/locale'
localstatedir='${prefix}/var'
lt_ECHO='echo'
mandir='${datarootdir}/man'
oldincludedir='/usr/include'
pdfdir='${docdir}'
prefix='/usr'
program_transform_name='s,x,x,'
psdir='${docdir}'
sbindir='${exec_prefix}/sbin'
sharedstatedir='${prefix}/com'
sysconfdir='${prefix}/etc'
target='i686-pc-linux-gnu'
target_alias=''
target_cpu='i686'
target_os='linux-gnu'
target_vendor='pc'

## ----------- ##
## confdefs.h. ##
## ----------- ##

/* confdefs.h */
#define PACKAGE_NAME ""
#define PACKAGE_TARNAME ""
#define PACKAGE_VERSION ""
#define PACKAGE_STRING ""
#define PACKAGE_BUGREPORT ""
#define PACKAGE_URL ""
#define COMPILE_DL_SLOWPHP 1
#define STDC_HEADERS 1
#define HAVE_SYS_TYPES_H 1
#define HAVE_SYS_STAT_H 1
#define HAVE_STDLIB_H 1
#define HAVE_STRING_H 1
#define HAVE_MEMORY_H 1
#define HAVE_STRINGS_H 1
#define HAVE_INTTYPES_H 1
#define HAVE_STDINT_H 1
#define HAVE_UNISTD_H 1
#define HAVE_DLFCN_H 1
#define LT_OBJDIR ".libs/"

configure: exit 0
